  [1m[35m (1062.2ms)[0m  [1m[35mCREATE DATABASE "codhab_development" ENCODING = 'unicode'[0m
  ↳ /home/developer/.rvm/gems/ruby-2.4.1/bin/rake:23
  [1m[35m (675.1ms)[0m  [1m[35mCREATE DATABASE "codhab_test" ENCODING = 'unicode'[0m
  ↳ /home/developer/.rvm/gems/ruby-2.4.1/bin/rake:23
  [1m[35m (0.4ms)[0m  [1m[35mCREATE TABLE "schema_migrations" ("version" character varying NOT NULL PRIMARY KEY)[0m
  ↳ /home/developer/.rvm/gems/ruby-2.4.1/bin/rake:23
  [1m[35m (0.3ms)[0m  [1m[35mCREATE TABLE "schema_migrations" ("version" character varying NOT NULL PRIMARY KEY)[0m
  ↳ /home/developer/.rvm/gems/ruby-2.4.1/bin/rake:23
  [1m[35m (0.3ms)[0m  [1m[35mCREATE TABLE "schema_migrations" ("version" character varying NOT NULL PRIMARY KEY)[0m
  ↳ /home/developer/.rvm/gems/ruby-2.4.1/bin/rake:23
  [1m[35m (0.3ms)[0m  [1m[35mCREATE TABLE "schema_migrations" ("version" character varying NOT NULL PRIMARY KEY)[0m
  ↳ /home/developer/.rvm/gems/ruby-2.4.1/bin/rake:23
  [1m[35m (0.3ms)[0m  [1m[35mCREATE TABLE "schema_migrations" ("version" character varying NOT NULL PRIMARY KEY)[0m
  ↳ /home/developer/.rvm/gems/ruby-2.4.1/bin/rake:23
  [1m[35m (0.3ms)[0m  [1m[35mCREATE TABLE "ar_internal_metadata" ("key" character varying NOT NULL PRIMARY KEY, "value" character varying, "created_at" timestamp NOT NULL, "updated_at" timestamp NOT NULL)[0m
  ↳ bin/rails:9
  [1m[35m (227.9ms)[0m  [1m[35mDROP DATABASE IF EXISTS "codhab_development"[0m
  ↳ /home/developer/Documents/Domination/support/lib/tasks/db.rake:17
  [1m[35m (5010.7ms)[0m  [1m[35mDROP DATABASE IF EXISTS "codhab_test"[0m
  ↳ /home/developer/Documents/Domination/support/lib/tasks/db.rake:17
  [1m[35m (0.1ms)[0m  [1m[35mDROP DATABASE IF EXISTS "codhab_development"[0m
  ↳ /home/developer/Documents/Domination/support/lib/tasks/db.rake:17
  [1m[35m (217.2ms)[0m  [1m[35mDROP DATABASE IF EXISTS "codhab_test"[0m
  ↳ /home/developer/Documents/Domination/support/lib/tasks/db.rake:17
  [1m[35m (666.1ms)[0m  [1m[35mCREATE DATABASE "codhab_development" ENCODING = 'unicode'[0m
  ↳ /home/developer/Documents/Domination/support/lib/tasks/db.rake:18
  [1m[35m (776.9ms)[0m  [1m[35mCREATE DATABASE "codhab_test" ENCODING = 'unicode'[0m
  ↳ /home/developer/Documents/Domination/support/lib/tasks/db.rake:18
  [1m[35m (24.1ms)[0m  [1m[35mCREATE SCHEMA IF NOT EXISTS extranet[0m
  ↳ /home/developer/Documents/Domination/support/lib/tasks/db.rake:6
  [1m[35m (15.4ms)[0m  [1m[35mCREATE SCHEMA IF NOT EXISTS sihab[0m
  ↳ /home/developer/Documents/Domination/support/lib/tasks/db.rake:6
  [1m[35m (8.3ms)[0m  [1m[35mCREATE SCHEMA IF NOT EXISTS portal[0m
  ↳ /home/developer/Documents/Domination/support/lib/tasks/db.rake:6
  [1m[35m (8.0ms)[0m  [1m[35mCREATE SCHEMA IF NOT EXISTS generic[0m
  ↳ /home/developer/Documents/Domination/support/lib/tasks/db.rake:6
  [1m[35m (8.0ms)[0m  [1m[35mCREATE SCHEMA IF NOT EXISTS common[0m
  ↳ /home/developer/Documents/Domination/support/lib/tasks/db.rake:6
  [1m[35m (75.1ms)[0m  [1m[35mCREATE EXTENSION IF NOT EXISTS "uuid-ossp"[0m
  ↳ /home/developer/Documents/Domination/support/lib/tasks/db.rake:10
  [1m[35m (83.8ms)[0m  [1m[35mCREATE TABLE "schema_migrations" ("version" character varying NOT NULL PRIMARY KEY)[0m
  ↳ /home/developer/Documents/Domination/support/lib/tasks/db.rake:20
  [1m[35m (81.9ms)[0m  [1m[35mCREATE TABLE "ar_internal_metadata" ("key" character varying NOT NULL PRIMARY KEY, "value" character varying, "created_at" timestamp NOT NULL, "updated_at" timestamp NOT NULL)[0m
  ↳ /home/developer/Documents/Domination/support/lib/tasks/db.rake:20
  [1m[35m (0.2ms)[0m  [1m[34mSELECT pg_try_advisory_lock(1281919194950275245)[0m
  ↳ /home/developer/Documents/Domination/support/lib/tasks/db.rake:20
  [1m[35m (0.4ms)[0m  [1m[34mSELECT "schema_migrations"."version" FROM "schema_migrations" ORDER BY "schema_migrations"."version" ASC[0m
  ↳ /home/developer/Documents/Domination/support/lib/tasks/db.rake:20
Migrating to CreateSupportPivotalNavs (20180713114605)
  [1m[35m (0.1ms)[0m  [1m[35mBEGIN[0m
  ↳ /home/developer/Documents/Domination/support/lib/tasks/db.rake:20
  [1m[35m (73.4ms)[0m  [1m[35mCREATE TABLE "extranet"."pivotal_navs" ("id" bigserial primary key, "label" character varying, "description" text, "father_id" integer, "status" boolean DEFAULT TRUE, "group_permission_id" integer, "permission_ids" text[], "url" character varying, "created_at" timestamp NOT NULL, "updated_at" timestamp NOT NULL, "deleted" boolean DEFAULT FALSE, "deleted_at" timestamp DEFAULT NULL)[0m
  ↳ /home/developer/Documents/Domination/support/db/migrate/pivotal/20180713114605_create_support_pivotal_navs.rb:3
  [1m[36mActiveRecord::SchemaMigration Create (0.3ms)[0m  [1m[32mINSERT INTO "schema_migrations" ("version") VALUES ($1) RETURNING "version"[0m  [["version", "20180713114605"]]
  ↳ /home/developer/Documents/Domination/support/lib/tasks/db.rake:20
  [1m[35m (15.2ms)[0m  [1m[35mCOMMIT[0m
  ↳ /home/developer/Documents/Domination/support/lib/tasks/db.rake:20
Migrating to CreateSupportCommonStates (20180713130205)
  [1m[35m (0.2ms)[0m  [1m[35mBEGIN[0m
  ↳ /home/developer/Documents/Domination/support/lib/tasks/db.rake:20
  [1m[35m (81.3ms)[0m  [1m[35mCREATE TABLE "common"."states" ("id" bigserial primary key, "name" character varying, "acronym" character varying, "created_at" timestamp NOT NULL, "updated_at" timestamp NOT NULL, "deleted" boolean DEFAULT FALSE, "deleted_at" timestamp DEFAULT NULL)[0m
  ↳ /home/developer/Documents/Domination/support/db/migrate/common/20180713130205_create_support_common_states.rb:3
  [1m[36mActiveRecord::SchemaMigration Create (0.3ms)[0m  [1m[32mINSERT INTO "schema_migrations" ("version") VALUES ($1) RETURNING "version"[0m  [["version", "20180713130205"]]
  ↳ /home/developer/Documents/Domination/support/lib/tasks/db.rake:20
  [1m[35m (7.8ms)[0m  [1m[35mCOMMIT[0m
  ↳ /home/developer/Documents/Domination/support/lib/tasks/db.rake:20
Migrating to CreateSupportCommonCities (20180713130208)
  [1m[35m (0.2ms)[0m  [1m[35mBEGIN[0m
  ↳ /home/developer/Documents/Domination/support/lib/tasks/db.rake:20
  [1m[35m (81.6ms)[0m  [1m[35mCREATE TABLE "common"."cities" ("id" bigserial primary key, "name" character varying, "capital" boolean DEFAULT FALSE, "state_id" integer, "lat" character varying, "lng" character varying, "created_at" timestamp NOT NULL, "updated_at" timestamp NOT NULL, "deleted" boolean DEFAULT FALSE, "deleted_at" timestamp DEFAULT NULL)[0m
  ↳ /home/developer/Documents/Domination/support/db/migrate/common/20180713130208_create_support_common_cities.rb:3
  [1m[36mActiveRecord::SchemaMigration Create (0.3ms)[0m  [1m[32mINSERT INTO "schema_migrations" ("version") VALUES ($1) RETURNING "version"[0m  [["version", "20180713130208"]]
  ↳ /home/developer/Documents/Domination/support/lib/tasks/db.rake:20
  [1m[35m (15.7ms)[0m  [1m[35mCOMMIT[0m
  ↳ /home/developer/Documents/Domination/support/lib/tasks/db.rake:20
Migrating to CreateSupportCivilStates (20180713130746)
  [1m[35m (0.2ms)[0m  [1m[35mBEGIN[0m
  ↳ /home/developer/Documents/Domination/support/lib/tasks/db.rake:20
  [1m[35m (106.4ms)[0m  [1m[35mCREATE TABLE "common"."civil_states" ("id" bigserial primary key, "name" character varying, "status" boolean DEFAULT TRUE, "created_at" timestamp NOT NULL, "updated_at" timestamp NOT NULL, "deleted" boolean DEFAULT FALSE, "deleted_at" timestamp DEFAULT NULL)[0m
  ↳ /home/developer/Documents/Domination/support/db/migrate/common/20180713130746_create_support_civil_states.rb:3
  [1m[36mActiveRecord::SchemaMigration Create (0.3ms)[0m  [1m[32mINSERT INTO "schema_migrations" ("version") VALUES ($1) RETURNING "version"[0m  [["version", "20180713130746"]]
  ↳ /home/developer/Documents/Domination/support/lib/tasks/db.rake:20
  [1m[35m (15.3ms)[0m  [1m[35mCOMMIT[0m
  ↳ /home/developer/Documents/Domination/support/lib/tasks/db.rake:20
Migrating to CreateSupportKinships (20180713130753)
  [1m[35m (0.2ms)[0m  [1m[35mBEGIN[0m
  ↳ /home/developer/Documents/Domination/support/lib/tasks/db.rake:20
  [1m[35m (81.8ms)[0m  [1m[35mCREATE TABLE "common"."kinships" ("id" bigserial primary key, "name" character varying, "status" boolean DEFAULT TRUE, "created_at" timestamp NOT NULL, "updated_at" timestamp NOT NULL, "deleted" boolean DEFAULT FALSE, "deleted_at" timestamp DEFAULT NULL)[0m
  ↳ /home/developer/Documents/Domination/support/db/migrate/common/20180713130753_create_support_kinships.rb:3
  [1m[36mActiveRecord::SchemaMigration Create (0.3ms)[0m  [1m[32mINSERT INTO "schema_migrations" ("version") VALUES ($1) RETURNING "version"[0m  [["version", "20180713130753"]]
  ↳ /home/developer/Documents/Domination/support/lib/tasks/db.rake:20
  [1m[35m (14.8ms)[0m  [1m[35mCOMMIT[0m
  ↳ /home/developer/Documents/Domination/support/lib/tasks/db.rake:20
Migrating to CreateSupportEducationBackgrounds (20180713130801)
  [1m[35m (0.2ms)[0m  [1m[35mBEGIN[0m
  ↳ /home/developer/Documents/Domination/support/lib/tasks/db.rake:20
  [1m[35m (74.1ms)[0m  [1m[35mCREATE TABLE "common"."education_backgrounds" ("id" bigserial primary key, "name" character varying, "status" boolean DEFAULT TRUE, "created_at" timestamp NOT NULL, "updated_at" timestamp NOT NULL, "deleted" boolean DEFAULT FALSE, "deleted_at" timestamp DEFAULT NULL)[0m
  ↳ /home/developer/Documents/Domination/support/db/migrate/common/20180713130801_create_support_education_backgrounds.rb:3
  [1m[36mActiveRecord::SchemaMigration Create (0.3ms)[0m  [1m[32mINSERT INTO "schema_migrations" ("version") VALUES ($1) RETURNING "version"[0m  [["version", "20180713130801"]]
  ↳ /home/developer/Documents/Domination/support/lib/tasks/db.rake:20
  [1m[35m (14.4ms)[0m  [1m[35mCOMMIT[0m
  ↳ /home/developer/Documents/Domination/support/lib/tasks/db.rake:20
Migrating to CreateSupportSpecialConditionTypes (20180713130828)
  [1m[35m (0.2ms)[0m  [1m[35mBEGIN[0m
  ↳ /home/developer/Documents/Domination/support/lib/tasks/db.rake:20
  [1m[35m (66.2ms)[0m  [1m[35mCREATE TABLE "common"."special_condition_types" ("id" bigserial primary key, "name" character varying, "description" text, "status" boolean DEFAULT TRUE, "created_at" timestamp NOT NULL, "updated_at" timestamp NOT NULL, "deleted" boolean DEFAULT FALSE, "deleted_at" timestamp DEFAULT NULL)[0m
  ↳ /home/developer/Documents/Domination/support/db/migrate/common/20180713130828_create_support_special_condition_types.rb:3
  [1m[36mActiveRecord::SchemaMigration Create (0.2ms)[0m  [1m[32mINSERT INTO "schema_migrations" ("version") VALUES ($1) RETURNING "version"[0m  [["version", "20180713130828"]]
  ↳ /home/developer/Documents/Domination/support/lib/tasks/db.rake:20
  [1m[35m (13.6ms)[0m  [1m[35mCOMMIT[0m
  ↳ /home/developer/Documents/Domination/support/lib/tasks/db.rake:20
Migrating to CreateSupportPrograms (20180713130836)
  [1m[35m (0.3ms)[0m  [1m[35mBEGIN[0m
  ↳ /home/developer/Documents/Domination/support/lib/tasks/db.rake:20
  [1m[35m (76.1ms)[0m  [1m[35mCREATE TABLE "common"."programs" ("id" bigserial primary key, "name" character varying, "acron" character varying, "status" boolean DEFAULT TRUE, "created_at" timestamp NOT NULL, "updated_at" timestamp NOT NULL, "deleted" boolean DEFAULT FALSE, "deleted_at" timestamp DEFAULT NULL)[0m
  ↳ /home/developer/Documents/Domination/support/db/migrate/common/20180713130836_create_support_programs.rb:3
  [1m[36mActiveRecord::SchemaMigration Create (0.6ms)[0m  [1m[32mINSERT INTO "schema_migrations" ("version") VALUES ($1) RETURNING "version"[0m  [["version", "20180713130836"]]
  ↳ /home/developer/Documents/Domination/support/lib/tasks/db.rake:20
  [1m[35m (18.5ms)[0m  [1m[35mCOMMIT[0m
  ↳ /home/developer/Documents/Domination/support/lib/tasks/db.rake:20
Migrating to CreateSupportGenders (20180713130839)
  [1m[35m (0.2ms)[0m  [1m[35mBEGIN[0m
  ↳ /home/developer/Documents/Domination/support/lib/tasks/db.rake:20
  [1m[35m (86.0ms)[0m  [1m[35mCREATE TABLE "common"."genders" ("id" bigserial primary key, "name" character varying, "status" boolean DEFAULT TRUE, "created_at" timestamp NOT NULL, "updated_at" timestamp NOT NULL, "deleted" boolean DEFAULT FALSE, "deleted_at" timestamp DEFAULT NULL)[0m
  ↳ /home/developer/Documents/Domination/support/db/migrate/common/20180713130839_create_support_genders.rb:3
  [1m[36mActiveRecord::SchemaMigration Create (0.5ms)[0m  [1m[32mINSERT INTO "schema_migrations" ("version") VALUES ($1) RETURNING "version"[0m  [["version", "20180713130839"]]
  ↳ /home/developer/Documents/Domination/support/lib/tasks/db.rake:20
  [1m[35m (11.4ms)[0m  [1m[35mCOMMIT[0m
  ↳ /home/developer/Documents/Domination/support/lib/tasks/db.rake:20
Migrating to CreateSupportPivotalUserNotifications (20180713132423)
  [1m[35m (0.5ms)[0m  [1m[35mBEGIN[0m
  ↳ /home/developer/Documents/Domination/support/lib/tasks/db.rake:20
  [1m[35m (89.3ms)[0m  [1m[35mCREATE TABLE "extranet"."pivotal_user_notifications" ("id" bigserial primary key, "user_id" integer, "title" character varying, "description" text, "read" boolean DEFAULT FALSE, "read_datetime" timestamp, "priority" boolean DEFAULT FALSE, "notification_id" integer, "created_at" timestamp NOT NULL, "updated_at" timestamp NOT NULL, "deleted" boolean DEFAULT FALSE, "deleted_at" timestamp DEFAULT NULL)[0m
  ↳ /home/developer/Documents/Domination/support/db/migrate/pivotal/20180713132423_create_support_pivotal_user_notifications.rb:3
  [1m[36mActiveRecord::SchemaMigration Create (0.3ms)[0m  [1m[32mINSERT INTO "schema_migrations" ("version") VALUES ($1) RETURNING "version"[0m  [["version", "20180713132423"]]
  ↳ /home/developer/Documents/Domination/support/lib/tasks/db.rake:20
  [1m[35m (20.3ms)[0m  [1m[35mCOMMIT[0m
  ↳ /home/developer/Documents/Domination/support/lib/tasks/db.rake:20
Migrating to CreateSupportPivotalAlerts (20180713132429)
  [1m[35m (0.2ms)[0m  [1m[35mBEGIN[0m
  ↳ /home/developer/Documents/Domination/support/lib/tasks/db.rake:20
  [1m[35m (86.0ms)[0m  [1m[35mCREATE TABLE "extranet"."pivotal_alerts" ("id" bigserial primary key, "title" character varying, "description" text, "alert_type_enum" integer, "sql_filter" text, "sql_filter_status" boolean DEFAULT FALSE, "created_at" timestamp NOT NULL, "updated_at" timestamp NOT NULL, "deleted" boolean DEFAULT FALSE, "deleted_at" timestamp DEFAULT NULL)[0m
  ↳ /home/developer/Documents/Domination/support/db/migrate/pivotal/20180713132429_create_support_pivotal_alerts.rb:3
  [1m[36mActiveRecord::SchemaMigration Create (0.7ms)[0m  [1m[32mINSERT INTO "schema_migrations" ("version") VALUES ($1) RETURNING "version"[0m  [["version", "20180713132429"]]
  ↳ /home/developer/Documents/Domination/support/lib/tasks/db.rake:20
  [1m[35m (9.7ms)[0m  [1m[35mCOMMIT[0m
  ↳ /home/developer/Documents/Domination/support/lib/tasks/db.rake:20
Migrating to CreateSupportPivotalUserPermissions (20180713132436)
  [1m[35m (0.5ms)[0m  [1m[35mBEGIN[0m
  ↳ /home/developer/Documents/Domination/support/lib/tasks/db.rake:20
  [1m[35m (48.8ms)[0m  [1m[35mCREATE TABLE "extranet"."pivotal_user_permissions" ("id" bigserial primary key, "permission_id" integer, "user_id" integer, "sponsor_id" integer, "created_at" timestamp NOT NULL, "updated_at" timestamp NOT NULL, "deleted" boolean DEFAULT FALSE, "deleted_at" timestamp DEFAULT NULL)[0m
  ↳ /home/developer/Documents/Domination/support/db/migrate/pivotal/20180713132436_create_support_pivotal_user_permissions.rb:3
  [1m[36mActiveRecord::SchemaMigration Create (0.3ms)[0m  [1m[32mINSERT INTO "schema_migrations" ("version") VALUES ($1) RETURNING "version"[0m  [["version", "20180713132436"]]
  ↳ /home/developer/Documents/Domination/support/lib/tasks/db.rake:20
  [1m[35m (11.6ms)[0m  [1m[35mCOMMIT[0m
  ↳ /home/developer/Documents/Domination/support/lib/tasks/db.rake:20
Migrating to CreateSupportPivotalUserGroups (20180713132442)
  [1m[35m (0.3ms)[0m  [1m[35mBEGIN[0m
  ↳ /home/developer/Documents/Domination/support/lib/tasks/db.rake:20
  [1m[35m (101.6ms)[0m  [1m[35mCREATE TABLE "extranet"."pivotal_user_groups" ("id" bigserial primary key, "observation" text, "profile_id" integer, "user_id" integer, "sponsor_id" integer, "created_at" timestamp NOT NULL, "updated_at" timestamp NOT NULL, "deleted" boolean DEFAULT FALSE, "deleted_at" timestamp DEFAULT NULL)[0m
  ↳ /home/developer/Documents/Domination/support/db/migrate/pivotal/20180713132442_create_support_pivotal_user_groups.rb:3
  [1m[36mActiveRecord::SchemaMigration Create (0.3ms)[0m  [1m[32mINSERT INTO "schema_migrations" ("version") VALUES ($1) RETURNING "version"[0m  [["version", "20180713132442"]]
  ↳ /home/developer/Documents/Domination/support/lib/tasks/db.rake:20
  [1m[35m (11.3ms)[0m  [1m[35mCOMMIT[0m
  ↳ /home/developer/Documents/Domination/support/lib/tasks/db.rake:20
Migrating to CreateSupportPivotalPermissions (20180713132448)
  [1m[35m (0.3ms)[0m  [1m[35mBEGIN[0m
  ↳ /home/developer/Documents/Domination/support/lib/tasks/db.rake:20
  [1m[35m (68.7ms)[0m  [1m[35mCREATE TABLE "extranet"."pivotal_permissions" ("id" bigserial primary key, "name" character varying, "description" text, "group_id" integer, "created_at" timestamp NOT NULL, "updated_at" timestamp NOT NULL, "deleted" boolean DEFAULT FALSE, "deleted_at" timestamp DEFAULT NULL)[0m
  ↳ /home/developer/Documents/Domination/support/db/migrate/pivotal/20180713132448_create_support_pivotal_permissions.rb:3
  [1m[36mActiveRecord::SchemaMigration Create (0.3ms)[0m  [1m[32mINSERT INTO "schema_migrations" ("version") VALUES ($1) RETURNING "version"[0m  [["version", "20180713132448"]]
  ↳ /home/developer/Documents/Domination/support/lib/tasks/db.rake:20
  [1m[35m (10.7ms)[0m  [1m[35mCOMMIT[0m
  ↳ /home/developer/Documents/Domination/support/lib/tasks/db.rake:20
Migrating to CreateSupportPivotalPermissionProfiles (20180713132454)
  [1m[35m (0.2ms)[0m  [1m[35mBEGIN[0m
  ↳ /home/developer/Documents/Domination/support/lib/tasks/db.rake:20
  [1m[35m (80.7ms)[0m  [1m[35mCREATE TABLE "extranet"."pivotal_permission_profiles" ("id" bigserial primary key, "name" character varying, "description" text, "permission_ids" text[], "created_at" timestamp NOT NULL, "updated_at" timestamp NOT NULL, "deleted" boolean DEFAULT FALSE, "deleted_at" timestamp DEFAULT NULL)[0m
  ↳ /home/developer/Documents/Domination/support/db/migrate/pivotal/20180713132454_create_support_pivotal_permission_profiles.rb:3
  [1m[36mActiveRecord::SchemaMigration Create (0.3ms)[0m  [1m[32mINSERT INTO "schema_migrations" ("version") VALUES ($1) RETURNING "version"[0m  [["version", "20180713132454"]]
  ↳ /home/developer/Documents/Domination/support/lib/tasks/db.rake:20
  [1m[35m (7.1ms)[0m  [1m[35mCOMMIT[0m
  ↳ /home/developer/Documents/Domination/support/lib/tasks/db.rake:20
Migrating to CreateSupportPivotalNotifications (20180713132529)
  [1m[35m (0.2ms)[0m  [1m[35mBEGIN[0m
  ↳ /home/developer/Documents/Domination/support/lib/tasks/db.rake:20
  [1m[35m (70.4ms)[0m  [1m[35mCREATE TABLE "extranet"."pivotal_notifications" ("id" bigserial primary key, "name" character varying, "description" text, "status" boolean DEFAULT FALSE, "processed" boolean DEFAULT FALSE, "owner_id" integer, "sql_filter" text, "sql_filter_status" boolean DEFAULT FALSE, "created_at" timestamp NOT NULL, "updated_at" timestamp NOT NULL, "deleted" boolean DEFAULT FALSE, "deleted_at" timestamp DEFAULT NULL)[0m
  ↳ /home/developer/Documents/Domination/support/db/migrate/pivotal/20180713132529_create_support_pivotal_notifications.rb:3
  [1m[36mActiveRecord::SchemaMigration Create (0.3ms)[0m  [1m[32mINSERT INTO "schema_migrations" ("version") VALUES ($1) RETURNING "version"[0m  [["version", "20180713132529"]]
  ↳ /home/developer/Documents/Domination/support/lib/tasks/db.rake:20
  [1m[35m (9.7ms)[0m  [1m[35mCOMMIT[0m
  ↳ /home/developer/Documents/Domination/support/lib/tasks/db.rake:20
Migrating to CreateSupportEntityCadastres (20180713185132)
  [1m[35m (0.2ms)[0m  [1m[35mBEGIN[0m
  ↳ /home/developer/Documents/Domination/support/lib/tasks/db.rake:20
  [1m[35m (70.8ms)[0m  [1m[35mCREATE TABLE "sihab"."entity_cadastres" ("id" bigserial primary key, "name" character varying, "cnpj" character varying, "fantasy_name" character varying, "telephone" character varying, "telephone_optional" character varying, "cell_phone" character varying, "email" character varying, "city_id" integer, "address" character varying, "address_number" character varying, "address_complement" character varying, "cep" character varying, "observation" text, "status" boolean DEFAULT TRUE, "password" character varying, "reset_token" character varying, "old" boolean DEFAULT FALSE, "lat" character varying, "lng" character varying, "created_at" timestamp NOT NULL, "updated_at" timestamp NOT NULL, "deleted" boolean DEFAULT FALSE, "deleted_at" timestamp DEFAULT NULL)[0m
  ↳ /home/developer/Documents/Domination/support/db/migrate/entity/20180713185132_create_support_entity_cadastres.rb:3
  [1m[36mActiveRecord::SchemaMigration Create (0.3ms)[0m  [1m[32mINSERT INTO "schema_migrations" ("version") VALUES ($1) RETURNING "version"[0m  [["version", "20180713185132"]]
  ↳ /home/developer/Documents/Domination/support/lib/tasks/db.rake:20
  [1m[35m (9.4ms)[0m  [1m[35mCOMMIT[0m
  ↳ /home/developer/Documents/Domination/support/lib/tasks/db.rake:20
Migrating to CreateSupportEntityCadastreMirrors (20180713185142)
  [1m[35m (0.3ms)[0m  [1m[35mBEGIN[0m
  ↳ /home/developer/Documents/Domination/support/lib/tasks/db.rake:20
  [1m[35m (102.9ms)[0m  [1m[35mCREATE TABLE "sihab"."entity_cadastre_mirrors" ("id" bigserial primary key, "cadastre_id" integer, "name" character varying, "cnpj" character varying, "fantasy_name" character varying, "telephone" character varying, "telephone_optional" character varying, "cell_phone" character varying, "email" character varying, "city_id" integer, "address" character varying, "address_number" character varying, "address_complement" character varying, "cep" character varying, "observation" text, "status" boolean DEFAULT TRUE, "old" boolean DEFAULT FALSE, "lat" character varying, "lng" character varying, "created_at" timestamp NOT NULL, "updated_at" timestamp NOT NULL, "deleted" boolean DEFAULT FALSE, "deleted_at" timestamp DEFAULT NULL)[0m
  ↳ /home/developer/Documents/Domination/support/db/migrate/entity/20180713185142_create_support_entity_cadastre_mirrors.rb:3
  [1m[36mActiveRecord::SchemaMigration Create (0.3ms)[0m  [1m[32mINSERT INTO "schema_migrations" ("version") VALUES ($1) RETURNING "version"[0m  [["version", "20180713185142"]]
  ↳ /home/developer/Documents/Domination/support/lib/tasks/db.rake:20
  [1m[35m (8.9ms)[0m  [1m[35mCOMMIT[0m
  ↳ /home/developer/Documents/Domination/support/lib/tasks/db.rake:20
Migrating to CreateSupportEntityMembers (20180713185159)
  [1m[35m (0.3ms)[0m  [1m[35mBEGIN[0m
  ↳ /home/developer/Documents/Domination/support/lib/tasks/db.rake:20
  [1m[35m (79.3ms)[0m  [1m[35mCREATE TABLE "sihab"."entity_members" ("id" bigserial primary key, "cadastre_id" integer, "name" character varying, "cpf" character varying, "rg" character varying, "rg_org" character varying, "rg_uf_id" integer, "city_id" integer, "address" character varying, "cep" character varying, "email" character varying, "born" date, "telephone" character varying, "telephone_optional" character varying, "cell_phone" character varying, "certificate_civil_criminal" character varying, "photo" character varying, "status" boolean DEFAULT TRUE, "job_id" integer, "created_at" timestamp NOT NULL, "updated_at" timestamp NOT NULL, "deleted" boolean DEFAULT FALSE, "deleted_at" timestamp DEFAULT NULL)[0m
  ↳ /home/developer/Documents/Domination/support/db/migrate/entity/20180713185159_create_support_entity_members.rb:3
  [1m[36mActiveRecord::SchemaMigration Create (0.3ms)[0m  [1m[32mINSERT INTO "schema_migrations" ("version") VALUES ($1) RETURNING "version"[0m  [["version", "20180713185159"]]
  ↳ /home/developer/Documents/Domination/support/lib/tasks/db.rake:20
  [1m[35m (8.4ms)[0m  [1m[35mCOMMIT[0m
  ↳ /home/developer/Documents/Domination/support/lib/tasks/db.rake:20
Migrating to CreateSupportEntityMemberMirrors (20180713185203)
  [1m[35m (0.1ms)[0m  [1m[35mBEGIN[0m
  ↳ /home/developer/Documents/Domination/support/lib/tasks/db.rake:20
  [1m[35m (98.5ms)[0m  [1m[35mCREATE TABLE "sihab"."entity_member_mirrors" ("id" bigserial primary key, "member_id" integer, "name" character varying, "cpf" character varying, "rg" character varying, "rg_org" character varying, "rg_uf_id" integer, "city_id" integer, "address" character varying, "cep" character varying, "email" character varying, "born" date, "telephone" character varying, "telephone_optional" character varying, "cell_phone" character varying, "certificate_civil_criminal" character varying, "photo" character varying, "status" boolean DEFAULT TRUE, "job_id" integer, "created_at" timestamp NOT NULL, "updated_at" timestamp NOT NULL, "deleted" boolean DEFAULT FALSE, "deleted_at" timestamp DEFAULT NULL)[0m
  ↳ /home/developer/Documents/Domination/support/db/migrate/entity/20180713185203_create_support_entity_member_mirrors.rb:3
  [1m[36mActiveRecord::SchemaMigration Create (0.3ms)[0m  [1m[32mINSERT INTO "schema_migrations" ("version") VALUES ($1) RETURNING "version"[0m  [["version", "20180713185203"]]
  ↳ /home/developer/Documents/Domination/support/lib/tasks/db.rake:20
  [1m[35m (7.1ms)[0m  [1m[35mCOMMIT[0m
  ↳ /home/developer/Documents/Domination/support/lib/tasks/db.rake:20
Migrating to CreateSupportEntityRaffles (20180713185428)
  [1m[35m (0.2ms)[0m  [1m[35mBEGIN[0m
  ↳ /home/developer/Documents/Domination/support/lib/tasks/db.rake:20
  [1m[35m (65.2ms)[0m  [1m[35mCREATE TABLE "sihab"."entity_raffles" ("id" bigserial primary key, "name" character varying, "description" text, "document" character varying, "manifestation_start_at" date DEFAULT NULL, "manifestation_end_at" date DEFAULT NULL, "raffle_start_at" date DEFAULT NULL, "raffle_end_at" date DEFAULT NULL, "status" boolean DEFAULT TRUE, "created_at" timestamp NOT NULL, "updated_at" timestamp NOT NULL, "deleted" boolean DEFAULT FALSE, "deleted_at" timestamp DEFAULT NULL)[0m
  ↳ /home/developer/Documents/Domination/support/db/migrate/entity/20180713185428_create_support_entity_raffles.rb:3
  [1m[36mActiveRecord::SchemaMigration Create (0.2ms)[0m  [1m[32mINSERT INTO "schema_migrations" ("version") VALUES ($1) RETURNING "version"[0m  [["version", "20180713185428"]]
  ↳ /home/developer/Documents/Domination/support/lib/tasks/db.rake:20
  [1m[35m (14.9ms)[0m  [1m[35mCOMMIT[0m
  ↳ /home/developer/Documents/Domination/support/lib/tasks/db.rake:20
Migrating to CreateSupportEntityCadastreSituations (20180713185434)
  [1m[35m (0.2ms)[0m  [1m[35mBEGIN[0m
  ↳ /home/developer/Documents/Domination/support/lib/tasks/db.rake:20
  [1m[35m (74.6ms)[0m  [1m[35mCREATE TABLE "sihab"."entity_cadastre_situations" ("id" bigserial primary key, "cadastre_id" integer, "situation_type_id" integer, "observation" text, "user_id" integer, "created_at" timestamp NOT NULL, "updated_at" timestamp NOT NULL, "deleted" boolean DEFAULT FALSE, "deleted_at" timestamp DEFAULT NULL)[0m
  ↳ /home/developer/Documents/Domination/support/db/migrate/entity/20180713185434_create_support_entity_cadastre_situations.rb:3
  [1m[36mActiveRecord::SchemaMigration Create (0.3ms)[0m  [1m[32mINSERT INTO "schema_migrations" ("version") VALUES ($1) RETURNING "version"[0m  [["version", "20180713185434"]]
  ↳ /home/developer/Documents/Domination/support/lib/tasks/db.rake:20
  [1m[35m (14.6ms)[0m  [1m[35mCOMMIT[0m
  ↳ /home/developer/Documents/Domination/support/lib/tasks/db.rake:20
Migrating to CreateSupportEntitySituationTypes (20180713185439)
  [1m[35m (0.2ms)[0m  [1m[35mBEGIN[0m
  ↳ /home/developer/Documents/Domination/support/lib/tasks/db.rake:20
  [1m[35m (83.0ms)[0m  [1m[35mCREATE TABLE "sihab"."entity_situation_types" ("id" bigserial primary key, "name" character varying, "description" text, "status" boolean DEFAULT TRUE, "user_id" integer, "created_at" timestamp NOT NULL, "updated_at" timestamp NOT NULL, "deleted" boolean DEFAULT FALSE, "deleted_at" timestamp DEFAULT NULL)[0m
  ↳ /home/developer/Documents/Domination/support/db/migrate/entity/20180713185439_create_support_entity_situation_types.rb:3
  [1m[36mActiveRecord::SchemaMigration Create (0.3ms)[0m  [1m[32mINSERT INTO "schema_migrations" ("version") VALUES ($1) RETURNING "version"[0m  [["version", "20180713185439"]]
  ↳ /home/developer/Documents/Domination/support/lib/tasks/db.rake:20
  [1m[35m (14.0ms)[0m  [1m[35mCOMMIT[0m
  ↳ /home/developer/Documents/Domination/support/lib/tasks/db.rake:20
Migrating to CreateSupportEntityRaffleGroups (20180713185559)
  [1m[35m (0.2ms)[0m  [1m[35mBEGIN[0m
  ↳ /home/developer/Documents/Domination/support/lib/tasks/db.rake:20
  [1m[35m (74.8ms)[0m  [1m[35mCREATE TABLE "sihab"."entity_raffle_groups" ("id" bigserial primary key, "raffle_id" integer, "name" character varying, "city_id" integer, "winner_id" integer, "status" boolean DEFAULT TRUE, "created_at" timestamp NOT NULL, "updated_at" timestamp NOT NULL, "deleted" boolean DEFAULT FALSE, "deleted_at" timestamp DEFAULT NULL)[0m
  ↳ /home/developer/Documents/Domination/support/db/migrate/entity/20180713185559_create_support_entity_raffle_groups.rb:3
  [1m[36mActiveRecord::SchemaMigration Create (0.3ms)[0m  [1m[32mINSERT INTO "schema_migrations" ("version") VALUES ($1) RETURNING "version"[0m  [["version", "20180713185559"]]
  ↳ /home/developer/Documents/Domination/support/lib/tasks/db.rake:20
  [1m[35m (13.4ms)[0m  [1m[35mCOMMIT[0m
  ↳ /home/developer/Documents/Domination/support/lib/tasks/db.rake:20
Migrating to CreateSupportEntityRaffleGroupUnits (20180713185601)
  [1m[35m (0.2ms)[0m  [1m[35mBEGIN[0m
  ↳ /home/developer/Documents/Domination/support/lib/tasks/db.rake:20
  [1m[35m (83.8ms)[0m  [1m[35mCREATE TABLE "sihab"."entity_raffle_group_units" ("id" bigserial primary key, "group_id" integer, "unit_id" integer, "name" character varying, "status" boolean DEFAULT TRUE, "created_at" timestamp NOT NULL, "updated_at" timestamp NOT NULL, "deleted" boolean DEFAULT FALSE, "deleted_at" timestamp DEFAULT NULL)[0m
  ↳ /home/developer/Documents/Domination/support/db/migrate/entity/20180713185601_create_support_entity_raffle_group_units.rb:3
  [1m[36mActiveRecord::SchemaMigration Create (0.3ms)[0m  [1m[32mINSERT INTO "schema_migrations" ("version") VALUES ($1) RETURNING "version"[0m  [["version", "20180713185601"]]
  ↳ /home/developer/Documents/Domination/support/lib/tasks/db.rake:20
  [1m[35m (12.9ms)[0m  [1m[35mCOMMIT[0m
  ↳ /home/developer/Documents/Domination/support/lib/tasks/db.rake:20
Migrating to CreateSupportEntityRaffleManifestations (20180713185609)
  [1m[35m (0.3ms)[0m  [1m[35mBEGIN[0m
  ↳ /home/developer/Documents/Domination/support/lib/tasks/db.rake:20
  [1m[35m (75.2ms)[0m  [1m[35mCREATE TABLE "sihab"."entity_raffle_manifestations" ("id" bigserial primary key, "raffle_id" integer, "cadastre_id" integer, "group_ids" text[], "created_at" timestamp NOT NULL, "updated_at" timestamp NOT NULL, "deleted" boolean DEFAULT FALSE, "deleted_at" timestamp DEFAULT NULL)[0m
  ↳ /home/developer/Documents/Domination/support/db/migrate/entity/20180713185609_create_support_entity_raffle_manifestations.rb:3
  [1m[36mActiveRecord::SchemaMigration Create (0.3ms)[0m  [1m[32mINSERT INTO "schema_migrations" ("version") VALUES ($1) RETURNING "version"[0m  [["version", "20180713185609"]]
  ↳ /home/developer/Documents/Domination/support/lib/tasks/db.rake:20
  [1m[35m (12.8ms)[0m  [1m[35mCOMMIT[0m
  ↳ /home/developer/Documents/Domination/support/lib/tasks/db.rake:20
Migrating to CreateSupportEntityCadastreCandidates (20180713185701)
  [1m[35m (0.3ms)[0m  [1m[35mBEGIN[0m
  ↳ /home/developer/Documents/Domination/support/lib/tasks/db.rake:20
  [1m[35m (66.9ms)[0m  [1m[35mCREATE TABLE "sihab"."entity_cadastre_candidates" ("id" bigserial primary key, "cadastre_id" integer, "candidate_id" integer, "created_at" timestamp NOT NULL, "updated_at" timestamp NOT NULL, "deleted" boolean DEFAULT FALSE, "deleted_at" timestamp DEFAULT NULL)[0m
  ↳ /home/developer/Documents/Domination/support/db/migrate/entity/20180713185701_create_support_entity_cadastre_candidates.rb:3
  [1m[36mActiveRecord::SchemaMigration Create (0.3ms)[0m  [1m[32mINSERT INTO "schema_migrations" ("version") VALUES ($1) RETURNING "version"[0m  [["version", "20180713185701"]]
  ↳ /home/developer/Documents/Domination/support/lib/tasks/db.rake:20
  [1m[35m (12.2ms)[0m  [1m[35mCOMMIT[0m
  ↳ /home/developer/Documents/Domination/support/lib/tasks/db.rake:20
Migrating to CreateSupportEntityProvisonalCandidates (20180713185734)
  [1m[35m (0.3ms)[0m  [1m[35mBEGIN[0m
  ↳ /home/developer/Documents/Domination/support/lib/tasks/db.rake:20
  [1m[35m (64.3ms)[0m  [1m[35mCREATE TABLE "sihab"."entity_provisonal_candidates" ("id" bigserial primary key, "cadastre_id" integer, "candidate_id" integer, "created_at" timestamp NOT NULL, "updated_at" timestamp NOT NULL, "deleted" boolean DEFAULT FALSE, "deleted_at" timestamp DEFAULT NULL)[0m
  ↳ /home/developer/Documents/Domination/support/db/migrate/entity/20180713185734_create_support_entity_provisonal_candidates.rb:3
  [1m[36mActiveRecord::SchemaMigration Create (0.3ms)[0m  [1m[32mINSERT INTO "schema_migrations" ("version") VALUES ($1) RETURNING "version"[0m  [["version", "20180713185734"]]
  ↳ /home/developer/Documents/Domination/support/lib/tasks/db.rake:20
  [1m[35m (23.7ms)[0m  [1m[35mCOMMIT[0m
  ↳ /home/developer/Documents/Domination/support/lib/tasks/db.rake:20
Migrating to CreateSupportEntityMemberJobs (20180713185749)
  [1m[35m (0.2ms)[0m  [1m[35mBEGIN[0m
  ↳ /home/developer/Documents/Domination/support/lib/tasks/db.rake:20
  [1m[35m (85.3ms)[0m  [1m[35mCREATE TABLE "sihab"."entity_member_jobs" ("id" bigserial primary key, "name" character varying, "status" boolean DEFAULT TRUE, "created_at" timestamp NOT NULL, "updated_at" timestamp NOT NULL, "deleted" boolean DEFAULT FALSE, "deleted_at" timestamp DEFAULT NULL)[0m
  ↳ /home/developer/Documents/Domination/support/db/migrate/entity/20180713185749_create_support_entity_member_jobs.rb:3
  [1m[36mActiveRecord::SchemaMigration Create (0.3ms)[0m  [1m[32mINSERT INTO "schema_migrations" ("version") VALUES ($1) RETURNING "version"[0m  [["version", "20180713185749"]]
  ↳ /home/developer/Documents/Domination/support/lib/tasks/db.rake:20
  [1m[35m (11.8ms)[0m  [1m[35mCOMMIT[0m
  ↳ /home/developer/Documents/Domination/support/lib/tasks/db.rake:20
Migrating to CreateSupportEntityCadastreDocuments (20180713185800)
  [1m[35m (0.3ms)[0m  [1m[35mBEGIN[0m
  ↳ /home/developer/Documents/Domination/support/lib/tasks/db.rake:20
  [1m[35m (77.1ms)[0m  [1m[35mCREATE TABLE "sihab"."entity_cadastre_documents" ("id" bigserial primary key, "cadastre_id" integer, "document_type_id" integer, "document" character varying, "created_at" timestamp NOT NULL, "updated_at" timestamp NOT NULL, "deleted" boolean DEFAULT FALSE, "deleted_at" timestamp DEFAULT NULL)[0m
  ↳ /home/developer/Documents/Domination/support/db/migrate/entity/20180713185800_create_support_entity_cadastre_documents.rb:3
  [1m[36mActiveRecord::SchemaMigration Create (0.3ms)[0m  [1m[32mINSERT INTO "schema_migrations" ("version") VALUES ($1) RETURNING "version"[0m  [["version", "20180713185800"]]
  ↳ /home/developer/Documents/Domination/support/lib/tasks/db.rake:20
  [1m[35m (10.9ms)[0m  [1m[35mCOMMIT[0m
  ↳ /home/developer/Documents/Domination/support/lib/tasks/db.rake:20
Migrating to CreateSupportEntityDocumentTypes (20180713185806)
  [1m[35m (0.2ms)[0m  [1m[35mBEGIN[0m
  ↳ /home/developer/Documents/Domination/support/lib/tasks/db.rake:20
  [1m[35m (69.2ms)[0m  [1m[35mCREATE TABLE "sihab"."entity_document_types" ("id" bigserial primary key, "name" character varying, "status" boolean DEFAULT TRUE, "created_at" timestamp NOT NULL, "updated_at" timestamp NOT NULL, "deleted" boolean DEFAULT FALSE, "deleted_at" timestamp DEFAULT NULL)[0m
  ↳ /home/developer/Documents/Domination/support/db/migrate/entity/20180713185806_create_support_entity_document_types.rb:3
  [1m[36mActiveRecord::SchemaMigration Create (0.3ms)[0m  [1m[32mINSERT INTO "schema_migrations" ("version") VALUES ($1) RETURNING "version"[0m  [["version", "20180713185806"]]
  ↳ /home/developer/Documents/Domination/support/lib/tasks/db.rake:20
  [1m[35m (10.5ms)[0m  [1m[35mCOMMIT[0m
  ↳ /home/developer/Documents/Domination/support/lib/tasks/db.rake:20
Migrating to CreateSupportEntityCadastreActivities (20180713185818)
  [1m[35m (0.5ms)[0m  [1m[35mBEGIN[0m
  ↳ /home/developer/Documents/Domination/support/lib/tasks/db.rake:20
  [1m[35m (119.6ms)[0m  [1m[35mCREATE TABLE "sihab"."entity_cadastre_activities" ("id" bigserial primary key, "cadastre_id" integer, "description" text, "user_id" integer, "activity_type_id" integer, "entity" boolean DEFAULT FALSE, "created_at" timestamp NOT NULL, "updated_at" timestamp NOT NULL, "deleted" boolean DEFAULT FALSE, "deleted_at" timestamp DEFAULT NULL)[0m
  ↳ /home/developer/Documents/Domination/support/db/migrate/entity/20180713185818_create_support_entity_cadastre_activities.rb:3
  [1m[36mActiveRecord::SchemaMigration Create (0.3ms)[0m  [1m[32mINSERT INTO "schema_migrations" ("version") VALUES ($1) RETURNING "version"[0m  [["version", "20180713185818"]]
  ↳ /home/developer/Documents/Domination/support/lib/tasks/db.rake:20
  [1m[35m (18.3ms)[0m  [1m[35mCOMMIT[0m
  ↳ /home/developer/Documents/Domination/support/lib/tasks/db.rake:20
Migrating to CreateSupportActivityTypes (20180713191526)
  [1m[35m (0.2ms)[0m  [1m[35mBEGIN[0m
  ↳ /home/developer/Documents/Domination/support/lib/tasks/db.rake:20
  [1m[35m (87.4ms)[0m  [1m[35mCREATE TABLE "common"."activity_types" ("id" bigserial primary key, "name" character varying, "status" boolean DEFAULT TRUE, "created_at" timestamp NOT NULL, "updated_at" timestamp NOT NULL, "deleted" boolean DEFAULT FALSE, "deleted_at" timestamp DEFAULT NULL)[0m
  ↳ /home/developer/Documents/Domination/support/db/migrate/common/20180713191526_create_support_activity_types.rb:3
  [1m[36mActiveRecord::SchemaMigration Create (0.3ms)[0m  [1m[32mINSERT INTO "schema_migrations" ("version") VALUES ($1) RETURNING "version"[0m  [["version", "20180713191526"]]
  ↳ /home/developer/Documents/Domination/support/lib/tasks/db.rake:20
  [1m[35m (9.5ms)[0m  [1m[35mCOMMIT[0m
  ↳ /home/developer/Documents/Domination/support/lib/tasks/db.rake:20
Migrating to CreateSupportPersonStaffs (20180713192019)
  [1m[35m (0.2ms)[0m  [1m[35mBEGIN[0m
  ↳ /home/developer/Documents/Domination/support/lib/tasks/db.rake:20
  [1m[35m (93.8ms)[0m  [1m[35mCREATE TABLE "extranet"."person_staffs" ("id" bigserial primary key, "code" character varying, "name" character varying, "cpf" character varying, "rg" character varying, "rg_org" character varying, "blood_type" character varying, "born" date DEFAULT NULL, "born_uf_id" integer, "gender_id" integer, "avatar_data" character varying, "personal_image_data" character varying, "branch_line" character varying, "curriculum_data" character varying, "email" character varying, "private_email" character varying, "bio" text, "start_hour" time DEFAULT NULL, "end_hour" time DEFAULT NULL, "weekend_access" boolean DEFAULT FALSE, "contract_date" date DEFAULT NULL, "shutdown_date" date DEFAULT NULL, "status" boolean DEFAULT FALSE, "administrator" boolean DEFAULT FALSE, "password" character varying, "job_id" integer, "terms_use" boolean DEFAULT FALSE, "introduce" boolean DEFAULT FALSE, "civil_state_id" integer, "birth_place" character varying, "contract_type_id" integer, "address" character varying, "address_complement" character varying, "burgh" character varying, "state_id" integer, "city_id" integer, "cep" character varying, "telephone" character varying, "celphone" character varying, "ctps_number" character varying, "ctps_serial" character varying, "ctps_uf_id" integer, "pis_pasep_number" character varying, "pis_pasep_date" date DEFAULT NULL, "electoral_title_number" character varying, "electoral_title_zone" character varying, "electoral_title_section" character varying, "electoral_title_uf_id" integer, "bank_number" character varying, "bank_agency_number" character varying, "bank_account_number" character varying, "spouse_name" character varying, "education_background_id" integer, "graduation" character varying, "mobile_user_token" character varying, "mobile_push_token" character varying, "resolution" character varying, "resolution_date" date DEFAULT NULL, "sector_current_id" integer, "sector_origin_id" integer, "blocked" boolean DEFAULT FALSE, "created_at" timestamp NOT NULL, "updated_at" timestamp NOT NULL, "deleted" boolean DEFAULT FALSE, "deleted_at" timestamp DEFAULT NULL)[0m
  ↳ /home/developer/Documents/Domination/support/db/migrate/person/20180713192019_create_support_person_staffs.rb:3
  [1m[36mActiveRecord::SchemaMigration Create (0.3ms)[0m  [1m[32mINSERT INTO "schema_migrations" ("version") VALUES ($1) RETURNING "version"[0m  [["version", "20180713192019"]]
  ↳ /home/developer/Documents/Domination/support/lib/tasks/db.rake:20
  [1m[35m (16.3ms)[0m  [1m[35mCOMMIT[0m
  ↳ /home/developer/Documents/Domination/support/lib/tasks/db.rake:20
Migrating to CreateSupportPersonSectors (20180713192024)
  [1m[35m (0.2ms)[0m  [1m[35mBEGIN[0m
  ↳ /home/developer/Documents/Domination/support/lib/tasks/db.rake:20
  [1m[35m (72.7ms)[0m  [1m[35mCREATE TABLE "extranet"."person_sectors" ("id" bigserial primary key, "name" character varying, "acron" character varying, "prefex" character varying, "father_id" integer, "responsible_id" integer, "status" boolean DEFAULT TRUE, "code" character varying, "color" character varying, "created_at" timestamp NOT NULL, "updated_at" timestamp NOT NULL, "deleted" boolean DEFAULT FALSE, "deleted_at" timestamp DEFAULT NULL)[0m
  ↳ /home/developer/Documents/Domination/support/db/migrate/person/20180713192024_create_support_person_sectors.rb:3
  [1m[36mActiveRecord::SchemaMigration Create (0.3ms)[0m  [1m[32mINSERT INTO "schema_migrations" ("version") VALUES ($1) RETURNING "version"[0m  [["version", "20180713192024"]]
  ↳ /home/developer/Documents/Domination/support/lib/tasks/db.rake:20
  [1m[35m (15.9ms)[0m  [1m[35mCOMMIT[0m
  ↳ /home/developer/Documents/Domination/support/lib/tasks/db.rake:20
Migrating to CreateSupportPersonStaffMirrors (20180713192029)
  [1m[35m (0.2ms)[0m  [1m[35mBEGIN[0m
  ↳ /home/developer/Documents/Domination/support/lib/tasks/db.rake:20
  [1m[35m (78.5ms)[0m  [1m[35mCREATE TABLE "extranet"."person_staff_mirrors" ("id" bigserial primary key, "staff_id" integer, "code" character varying, "name" character varying, "cpf" character varying, "rg" character varying, "rg_org" character varying, "blood_type" character varying, "born" date DEFAULT NULL, "born_uf_id" integer, "gender_id" integer, "avatar" character varying, "personal_image" character varying, "branch_line" character varying, "curriculum" character varying, "email" character varying, "private_email" character varying, "bio" text, "start_hour" time DEFAULT NULL, "end_hour" time DEFAULT NULL, "weekend_access" boolean DEFAULT FALSE, "contract_date" date DEFAULT NULL, "shutdown_date" date DEFAULT NULL, "status" boolean DEFAULT FALSE, "administrator" boolean DEFAULT FALSE, "job_id" integer, "terms_use" boolean DEFAULT FALSE, "introduce" boolean DEFAULT FALSE, "civil_state_id" integer, "birth_place" character varying, "contract_type_id" integer, "address" character varying, "address_complement" character varying, "burgh" character varying, "state_id" integer, "city_id" integer, "cep" character varying, "telephone" character varying, "celphone" character varying, "ctps_number" character varying, "ctps_serial" character varying, "ctps_uf_id" integer, "pis_pasep_number" character varying, "pis_pasep_date" date DEFAULT NULL, "electoral_title_number" character varying, "electoral_title_zone" character varying, "electoral_title_section" character varying, "electoral_title_uf_id" integer, "bank_number" character varying, "bank_agency_number" character varying, "bank_account_number" character varying, "spouse_name" character varying, "education_background_id" integer, "graduation" character varying, "mobile_user_token" character varying, "mobile_push_token" character varying, "resolution" character varying, "resolution_date" date DEFAULT NULL, "sector_current_id" integer, "sector_origin_id" integer, "blocked" boolean DEFAULT FALSE, "created_at" timestamp NOT NULL, "updated_at" timestamp NOT NULL, "deleted" boolean DEFAULT FALSE, "deleted_at" timestamp DEFAULT NULL)[0m
  ↳ /home/developer/Documents/Domination/support/db/migrate/person/20180713192029_create_support_person_staff_mirrors.rb:3
  [1m[36mActiveRecord::SchemaMigration Create (0.3ms)[0m  [1m[32mINSERT INTO "schema_migrations" ("version") VALUES ($1) RETURNING "version"[0m  [["version", "20180713192029"]]
  ↳ /home/developer/Documents/Domination/support/lib/tasks/db.rake:20
  [1m[35m (15.6ms)[0m  [1m[35mCOMMIT[0m
  ↳ /home/developer/Documents/Domination/support/lib/tasks/db.rake:20
Migrating to CreateSupportPersonEducationTypes (20180713192038)
  [1m[35m (0.2ms)[0m  [1m[35mBEGIN[0m
  ↳ /home/developer/Documents/Domination/support/lib/tasks/db.rake:20
  [1m[35m (73.5ms)[0m  [1m[35mCREATE TABLE "extranet"."person_education_types" ("id" bigserial primary key, "name" character varying, "description" text, "status" boolean DEFAULT TRUE, "created_at" timestamp NOT NULL, "updated_at" timestamp NOT NULL, "deleted" boolean DEFAULT FALSE, "deleted_at" timestamp)[0m
  ↳ /home/developer/Documents/Domination/support/db/migrate/person/20180713192038_create_support_person_education_types.rb:3
  [1m[36mActiveRecord::SchemaMigration Create (0.3ms)[0m  [1m[32mINSERT INTO "schema_migrations" ("version") VALUES ($1) RETURNING "version"[0m  [["version", "20180713192038"]]
  ↳ /home/developer/Documents/Domination/support/lib/tasks/db.rake:20
  [1m[35m (15.3ms)[0m  [1m[35mCOMMIT[0m
  ↳ /home/developer/Documents/Domination/support/lib/tasks/db.rake:20
Migrating to CreateSupportPersonJobs (20180713192106)
  [1m[35m (0.2ms)[0m  [1m[35mBEGIN[0m
  ↳ /home/developer/Documents/Domination/support/lib/tasks/db.rake:20
  [1m[35m (65.5ms)[0m  [1m[35mCREATE TABLE "extranet"."person_jobs" ("id" bigserial primary key, "name" character varying, "code" character varying, "status" boolean DEFAULT FALSE, "salary" float, "function_code" character varying, "created_at" timestamp NOT NULL, "updated_at" timestamp NOT NULL, "deleted" boolean DEFAULT FALSE, "deleted_at" timestamp DEFAULT NULL)[0m
  ↳ /home/developer/Documents/Domination/support/db/migrate/person/20180713192106_create_support_person_jobs.rb:3
  [1m[36mActiveRecord::SchemaMigration Create (0.3ms)[0m  [1m[32mINSERT INTO "schema_migrations" ("version") VALUES ($1) RETURNING "version"[0m  [["version", "20180713192106"]]
  ↳ /home/developer/Documents/Domination/support/lib/tasks/db.rake:20
  [1m[35m (14.7ms)[0m  [1m[35mCOMMIT[0m
  ↳ /home/developer/Documents/Domination/support/lib/tasks/db.rake:20
Migrating to CreateSupportContractTypes (20180713205631)
  [1m[35m (0.2ms)[0m  [1m[35mBEGIN[0m
  ↳ /home/developer/Documents/Domination/support/lib/tasks/db.rake:20
  [1m[35m (82.8ms)[0m  [1m[35mCREATE TABLE "extranet"."person_contract_types" ("id" bigserial primary key, "name" character varying, "status" boolean DEFAULT FALSE, "created_at" timestamp NOT NULL, "updated_at" timestamp NOT NULL, "deleted" boolean DEFAULT FALSE, "deleted_at" timestamp DEFAULT NULL)[0m
  ↳ /home/developer/Documents/Domination/support/db/migrate/person/20180713205631_create_support_contract_types.rb:3
  [1m[36mActiveRecord::SchemaMigration Create (0.3ms)[0m  [1m[32mINSERT INTO "schema_migrations" ("version") VALUES ($1) RETURNING "version"[0m  [["version", "20180713205631"]]
  ↳ /home/developer/Documents/Domination/support/lib/tasks/db.rake:20
  [1m[35m (14.2ms)[0m  [1m[35mCOMMIT[0m
  ↳ /home/developer/Documents/Domination/support/lib/tasks/db.rake:20
Migrating to CreateSupportHelpdeskLocations (20180718120812)
  [1m[35m (0.3ms)[0m  [1m[35mBEGIN[0m
  ↳ /home/developer/Documents/Domination/support/lib/tasks/db.rake:20
  [1m[35m (74.0ms)[0m  [1m[35mCREATE TABLE "extranet"."helpdesk_locations" ("id" bigserial primary key, "name" character varying, "status" boolean DEFAULT TRUE, "created_at" timestamp NOT NULL, "updated_at" timestamp NOT NULL, "deleted" boolean DEFAULT FALSE, "deleted_at" timestamp DEFAULT NULL)[0m
  ↳ /home/developer/Documents/Domination/support/db/migrate/helpdesk/20180718120812_create_support_helpdesk_locations.rb:3
  [1m[36mActiveRecord::SchemaMigration Create (0.3ms)[0m  [1m[32mINSERT INTO "schema_migrations" ("version") VALUES ($1) RETURNING "version"[0m  [["version", "20180718120812"]]
  ↳ /home/developer/Documents/Domination/support/lib/tasks/db.rake:20
  [1m[35m (13.7ms)[0m  [1m[35mCOMMIT[0m
  ↳ /home/developer/Documents/Domination/support/lib/tasks/db.rake:20
Migrating to CreateSupportHelpdeskTicketRatings (20180718120818)
  [1m[35m (0.2ms)[0m  [1m[35mBEGIN[0m
  ↳ /home/developer/Documents/Domination/support/lib/tasks/db.rake:20
  [1m[35m (66.9ms)[0m  [1m[35mCREATE TABLE "extranet"."helpdesk_ticket_ratings" ("id" bigserial primary key, "ticket_id" integer, "staff_id" integer, "rating" integer DEFAULT 0, "comment" text, "created_at" timestamp NOT NULL, "updated_at" timestamp NOT NULL, "deleted" boolean DEFAULT FALSE, "deleted_at" timestamp DEFAULT NULL)[0m
  ↳ /home/developer/Documents/Domination/support/db/migrate/helpdesk/20180718120818_create_support_helpdesk_ticket_ratings.rb:3
  [1m[36mActiveRecord::SchemaMigration Create (0.3ms)[0m  [1m[32mINSERT INTO "schema_migrations" ("version") VALUES ($1) RETURNING "version"[0m  [["version", "20180718120818"]]
  ↳ /home/developer/Documents/Domination/support/lib/tasks/db.rake:20
  [1m[35m (21.7ms)[0m  [1m[35mCOMMIT[0m
  ↳ /home/developer/Documents/Domination/support/lib/tasks/db.rake:20
Migrating to CreateSupportHelpdeskTickets (20180718120822)
  [1m[35m (0.2ms)[0m  [1m[35mBEGIN[0m
  ↳ /home/developer/Documents/Domination/support/lib/tasks/db.rake:20
  [1m[35m (67.8ms)[0m  [1m[35mCREATE TABLE "extranet"."helpdesk_tickets" ("id" bigserial primary key, "ticket_type_id" integer, "subject_id" integer, "staff_id" integer, "location_id" integer, "contact" character varying, "date" date, "hour" time, "attendant_id" integer, "created_at" timestamp NOT NULL, "updated_at" timestamp NOT NULL, "deleted" boolean DEFAULT FALSE, "deleted_at" timestamp DEFAULT NULL)[0m
  ↳ /home/developer/Documents/Domination/support/db/migrate/helpdesk/20180718120822_create_support_helpdesk_tickets.rb:3
  [1m[36mActiveRecord::SchemaMigration Create (0.3ms)[0m  [1m[32mINSERT INTO "schema_migrations" ("version") VALUES ($1) RETURNING "version"[0m  [["version", "20180718120822"]]
  ↳ /home/developer/Documents/Domination/support/lib/tasks/db.rake:20
  [1m[35m (12.9ms)[0m  [1m[35mCOMMIT[0m
  ↳ /home/developer/Documents/Domination/support/lib/tasks/db.rake:20
Migrating to CreateSupportHelpdeskTicketTypes (20180718120826)
  [1m[35m (0.2ms)[0m  [1m[35mBEGIN[0m
  ↳ /home/developer/Documents/Domination/support/lib/tasks/db.rake:20
  [1m[35m (75.9ms)[0m  [1m[35mCREATE TABLE "extranet"."helpdesk_ticket_types" ("id" bigserial primary key, "name" character varying, "status" boolean DEFAULT TRUE, "created_at" timestamp NOT NULL, "updated_at" timestamp NOT NULL, "deleted" boolean DEFAULT FALSE, "deleted_at" timestamp DEFAULT NULL)[0m
  ↳ /home/developer/Documents/Domination/support/db/migrate/helpdesk/20180718120826_create_support_helpdesk_ticket_types.rb:3
  [1m[36mActiveRecord::SchemaMigration Create (0.3ms)[0m  [1m[32mINSERT INTO "schema_migrations" ("version") VALUES ($1) RETURNING "version"[0m  [["version", "20180718120826"]]
  ↳ /home/developer/Documents/Domination/support/lib/tasks/db.rake:20
  [1m[35m (13.6ms)[0m  [1m[35mCOMMIT[0m
  ↳ /home/developer/Documents/Domination/support/lib/tasks/db.rake:20
Migrating to CreateSupportHelpdeskTicketAttachments (20180718120837)
  [1m[35m (0.2ms)[0m  [1m[35mBEGIN[0m
  ↳ /home/developer/Documents/Domination/support/lib/tasks/db.rake:20
  [1m[35m (108.9ms)[0m  [1m[35mCREATE TABLE "extranet"."helpdesk_ticket_attachments" ("id" bigserial primary key, "ticket_id" integer, "document" character varying, "created_at" timestamp NOT NULL, "updated_at" timestamp NOT NULL, "deleted" boolean DEFAULT FALSE, "deleted_at" timestamp DEFAULT NULL)[0m
  ↳ /home/developer/Documents/Domination/support/db/migrate/helpdesk/20180718120837_create_support_helpdesk_ticket_attachments.rb:3
  [1m[36mActiveRecord::SchemaMigration Create (0.3ms)[0m  [1m[32mINSERT INTO "schema_migrations" ("version") VALUES ($1) RETURNING "version"[0m  [["version", "20180718120837"]]
  ↳ /home/developer/Documents/Domination/support/lib/tasks/db.rake:20
  [1m[35m (13.0ms)[0m  [1m[35mCOMMIT[0m
  ↳ /home/developer/Documents/Domination/support/lib/tasks/db.rake:20
Migrating to CreateSupportHelpdeskTypeUsers (20180718120842)
  [1m[35m (0.2ms)[0m  [1m[35mBEGIN[0m
  ↳ /home/developer/Documents/Domination/support/lib/tasks/db.rake:20
  [1m[35m (59.3ms)[0m  [1m[35mCREATE TABLE "extranet"."helpdesk_type_users" ("id" bigserial primary key, "ticket_type_id" integer, "staff_id" integer, "user_id" integer, "created_at" timestamp NOT NULL, "updated_at" timestamp NOT NULL, "deleted" boolean DEFAULT FALSE, "deleted_at" timestamp DEFAULT NULL)[0m
  ↳ /home/developer/Documents/Domination/support/db/migrate/helpdesk/20180718120842_create_support_helpdesk_type_users.rb:3
  [1m[36mActiveRecord::SchemaMigration Create (0.3ms)[0m  [1m[32mINSERT INTO "schema_migrations" ("version") VALUES ($1) RETURNING "version"[0m  [["version", "20180718120842"]]
  ↳ /home/developer/Documents/Domination/support/lib/tasks/db.rake:20
  [1m[35m (12.6ms)[0m  [1m[35mCOMMIT[0m
  ↳ /home/developer/Documents/Domination/support/lib/tasks/db.rake:20
Migrating to CreateSupportHelpdeskTicketSituations (20180718121452)
  [1m[35m (0.2ms)[0m  [1m[35mBEGIN[0m
  ↳ /home/developer/Documents/Domination/support/lib/tasks/db.rake:20
  [1m[35m (60.8ms)[0m  [1m[35mCREATE TABLE "extranet"."helpdesk_ticket_situations" ("id" bigserial primary key, "ticket_id" integer, "situation_type_id" integer, "user_id" integer, "created_at" timestamp NOT NULL, "updated_at" timestamp NOT NULL, "deleted" boolean DEFAULT FALSE, "deleted_at" timestamp DEFAULT NULL)[0m
  ↳ /home/developer/Documents/Domination/support/db/migrate/helpdesk/20180718121452_create_support_helpdesk_ticket_situations.rb:3
  [1m[36mActiveRecord::SchemaMigration Create (0.3ms)[0m  [1m[32mINSERT INTO "schema_migrations" ("version") VALUES ($1) RETURNING "version"[0m  [["version", "20180718121452"]]
  ↳ /home/developer/Documents/Domination/support/lib/tasks/db.rake:20
  [1m[35m (19.6ms)[0m  [1m[35mCOMMIT[0m
  ↳ /home/developer/Documents/Domination/support/lib/tasks/db.rake:20
Migrating to CreateSupportHelpdeskSituationTypes (20180718121458)
  [1m[35m (0.2ms)[0m  [1m[35mBEGIN[0m
  ↳ /home/developer/Documents/Domination/support/lib/tasks/db.rake:20
  [1m[35m (86.3ms)[0m  [1m[35mCREATE TABLE "extranet"."helpdesk_situation_types" ("id" bigserial primary key, "name" character varying, "status" boolean DEFAULT TRUE, "created_at" timestamp NOT NULL, "updated_at" timestamp NOT NULL, "deleted" boolean DEFAULT FALSE, "deleted_at" timestamp DEFAULT NULL)[0m
  ↳ /home/developer/Documents/Domination/support/db/migrate/helpdesk/20180718121458_create_support_helpdesk_situation_types.rb:3
  [1m[36mActiveRecord::SchemaMigration Create (0.3ms)[0m  [1m[32mINSERT INTO "schema_migrations" ("version") VALUES ($1) RETURNING "version"[0m  [["version", "20180718121458"]]
  ↳ /home/developer/Documents/Domination/support/lib/tasks/db.rake:20
  [1m[35m (10.7ms)[0m  [1m[35mCOMMIT[0m
  ↳ /home/developer/Documents/Domination/support/lib/tasks/db.rake:20
Migrating to CreateSupportHelpdeskTicketActivities (20180718121505)
  [1m[35m (0.2ms)[0m  [1m[35mBEGIN[0m
  ↳ /home/developer/Documents/Domination/support/lib/tasks/db.rake:20
  [1m[35m (78.0ms)[0m  [1m[35mCREATE TABLE "extranet"."helpdesk_ticket_activities" ("id" bigserial primary key, "ticket_id" integer, "user_id" integer, "content" text, "attendant" boolean DEFAULT FALSE, "document" character varying, "created_at" timestamp NOT NULL, "updated_at" timestamp NOT NULL, "deleted" boolean DEFAULT FALSE, "deleted_at" timestamp DEFAULT NULL)[0m
  ↳ /home/developer/Documents/Domination/support/db/migrate/helpdesk/20180718121505_create_support_helpdesk_ticket_activities.rb:3
  [1m[36mActiveRecord::SchemaMigration Create (0.3ms)[0m  [1m[32mINSERT INTO "schema_migrations" ("version") VALUES ($1) RETURNING "version"[0m  [["version", "20180718121505"]]
  ↳ /home/developer/Documents/Domination/support/lib/tasks/db.rake:20
  [1m[35m (10.3ms)[0m  [1m[35mCOMMIT[0m
  ↳ /home/developer/Documents/Domination/support/lib/tasks/db.rake:20
Migrating to CreateSupportCplNotices (20180720134257)
  [1m[35m (0.2ms)[0m  [1m[35mBEGIN[0m
  ↳ /home/developer/Documents/Domination/support/lib/tasks/db.rake:20
  [1m[35m (111.4ms)[0m  [1m[35mCREATE TABLE "extranet"."cpl_notices" ("id" bigserial primary key, "name" character varying, "notice_type_id" integer, "document_number" character varying, "proposal_date" date, "proposal_hour" time, "open_date" date, "open_hour" time, "session_date" date, "session_hour" time, "attachment" character varying, "observation" text, "status" boolean DEFAULT TRUE, "created_at" timestamp NOT NULL, "updated_at" timestamp NOT NULL, "deleted" boolean DEFAULT FALSE, "deleted_at" timestamp DEFAULT NULL)[0m
  ↳ /home/developer/Documents/Domination/support/db/migrate/cpl/20180720134257_create_support_cpl_notices.rb:3
  [1m[36mActiveRecord::SchemaMigration Create (0.3ms)[0m  [1m[32mINSERT INTO "schema_migrations" ("version") VALUES ($1) RETURNING "version"[0m  [["version", "20180720134257"]]
  ↳ /home/developer/Documents/Domination/support/lib/tasks/db.rake:20
  [1m[35m (9.9ms)[0m  [1m[35mCOMMIT[0m
  ↳ /home/developer/Documents/Domination/support/lib/tasks/db.rake:20
Migrating to CreateSupportCplNoticeTypes (20180720135247)
  [1m[35m (0.2ms)[0m  [1m[35mBEGIN[0m
  ↳ /home/developer/Documents/Domination/support/lib/tasks/db.rake:20
  [1m[35m (69.6ms)[0m  [1m[35mCREATE TABLE "extranet"."cpl_notice_types" ("id" bigserial primary key, "name" character varying, "status" boolean DEFAULT TRUE, "created_at" timestamp NOT NULL, "updated_at" timestamp NOT NULL, "deleted" boolean DEFAULT FALSE, "deleted_at" timestamp DEFAULT NULL)[0m
  ↳ /home/developer/Documents/Domination/support/db/migrate/cpl/20180720135247_create_support_cpl_notice_types.rb:3
  [1m[36mActiveRecord::SchemaMigration Create (0.3ms)[0m  [1m[32mINSERT INTO "schema_migrations" ("version") VALUES ($1) RETURNING "version"[0m  [["version", "20180720135247"]]
  ↳ /home/developer/Documents/Domination/support/lib/tasks/db.rake:20
  [1m[35m (26.0ms)[0m  [1m[35mCOMMIT[0m
  ↳ /home/developer/Documents/Domination/support/lib/tasks/db.rake:20
Migrating to CreateSupportCplNoticeDocuments (20180720140034)
  [1m[35m (0.2ms)[0m  [1m[35mBEGIN[0m
  ↳ /home/developer/Documents/Domination/support/lib/tasks/db.rake:20
  [1m[35m (46.0ms)[0m  [1m[35mCREATE TABLE "extranet"."cpl_notice_documents" ("id" bigserial primary key, "document_type_id" integer, "notice_id" integer, "created_at" timestamp NOT NULL, "updated_at" timestamp NOT NULL, "deleted" boolean DEFAULT FALSE, "deleted_at" timestamp DEFAULT NULL)[0m
  ↳ /home/developer/Documents/Domination/support/db/migrate/cpl/20180720140034_create_support_cpl_notice_documents.rb:3
  [1m[36mActiveRecord::SchemaMigration Create (0.3ms)[0m  [1m[32mINSERT INTO "schema_migrations" ("version") VALUES ($1) RETURNING "version"[0m  [["version", "20180720140034"]]
  ↳ /home/developer/Documents/Domination/support/lib/tasks/db.rake:20
  [1m[35m (9.1ms)[0m  [1m[35mCOMMIT[0m
  ↳ /home/developer/Documents/Domination/support/lib/tasks/db.rake:20
Migrating to CreateSupportCplDocumentTypes (20180720140515)
  [1m[35m (0.2ms)[0m  [1m[35mBEGIN[0m
  ↳ /home/developer/Documents/Domination/support/lib/tasks/db.rake:20
  [1m[35m (80.2ms)[0m  [1m[35mCREATE TABLE "extranet"."cpl_document_types" ("id" bigserial primary key, "name" character varying, "status" boolean DEFAULT TRUE, "created_at" timestamp NOT NULL, "updated_at" timestamp NOT NULL, "deleted" boolean DEFAULT FALSE, "deleted_at" timestamp DEFAULT NULL)[0m
  ↳ /home/developer/Documents/Domination/support/db/migrate/cpl/20180720140515_create_support_cpl_document_types.rb:3
  [1m[36mActiveRecord::SchemaMigration Create (0.3ms)[0m  [1m[32mINSERT INTO "schema_migrations" ("version") VALUES ($1) RETURNING "version"[0m  [["version", "20180720140515"]]
  ↳ /home/developer/Documents/Domination/support/lib/tasks/db.rake:20
  [1m[35m (8.6ms)[0m  [1m[35mCOMMIT[0m
  ↳ /home/developer/Documents/Domination/support/lib/tasks/db.rake:20
Migrating to CreateSupportCplDocumentParticipants (20180720141015)
  [1m[35m (0.2ms)[0m  [1m[35mBEGIN[0m
  ↳ /home/developer/Documents/Domination/support/lib/tasks/db.rake:20
  [1m[35m (81.8ms)[0m  [1m[35mCREATE TABLE "extranet"."cpl_document_participants" ("id" bigserial primary key, "notice_participant_id" integer, "document_notice_id" integer, "created_at" timestamp NOT NULL, "updated_at" timestamp NOT NULL, "deleted" boolean DEFAULT FALSE, "deleted_at" timestamp DEFAULT NULL)[0m
  ↳ /home/developer/Documents/Domination/support/db/migrate/cpl/20180720141015_create_support_cpl_document_participants.rb:3
  [1m[36mActiveRecord::SchemaMigration Create (0.3ms)[0m  [1m[32mINSERT INTO "schema_migrations" ("version") VALUES ($1) RETURNING "version"[0m  [["version", "20180720141015"]]
  ↳ /home/developer/Documents/Domination/support/lib/tasks/db.rake:20
  [1m[35m (7.0ms)[0m  [1m[35mCOMMIT[0m
  ↳ /home/developer/Documents/Domination/support/lib/tasks/db.rake:20
Migrating to CreateSupportCplNoticeParticipants (20180720143845)
  [1m[35m (0.2ms)[0m  [1m[35mBEGIN[0m
  ↳ /home/developer/Documents/Domination/support/lib/tasks/db.rake:20
  [1m[35m (39.3ms)[0m  [1m[35mCREATE TABLE "extranet"."cpl_notice_participants" ("id" bigserial primary key, "notice_id" integer, "participant_id" integer, "status" boolean, "created_at" timestamp NOT NULL, "updated_at" timestamp NOT NULL, "deleted" boolean DEFAULT FALSE, "deleted_at" timestamp DEFAULT NULL)[0m
  ↳ /home/developer/Documents/Domination/support/db/migrate/cpl/20180720143845_create_support_cpl_notice_participants.rb:3
  [1m[36mActiveRecord::SchemaMigration Create (0.3ms)[0m  [1m[32mINSERT INTO "schema_migrations" ("version") VALUES ($1) RETURNING "version"[0m  [["version", "20180720143845"]]
  ↳ /home/developer/Documents/Domination/support/lib/tasks/db.rake:20
  [1m[35m (7.9ms)[0m  [1m[35mCOMMIT[0m
  ↳ /home/developer/Documents/Domination/support/lib/tasks/db.rake:20
Migrating to CreateSupportCplParticipants (20180720144010)
  [1m[35m (0.3ms)[0m  [1m[35mBEGIN[0m
  ↳ /home/developer/Documents/Domination/support/lib/tasks/db.rake:20
  [1m[35m (79.8ms)[0m  [1m[35mCREATE TABLE "extranet"."cpl_participants" ("id" bigserial primary key, "name" character varying, "cnpj" character varying, "cpf" character varying, "email" character varying, "telephone" character varying, "cell_phone" character varying, "password" character varying, "token" character varying, "token_validate" timestamp, "last_signed_at" timestamp, "status" boolean DEFAULT TRUE, "created_at" timestamp NOT NULL, "updated_at" timestamp NOT NULL, "deleted" boolean DEFAULT FALSE, "deleted_at" timestamp DEFAULT NULL)[0m
  ↳ /home/developer/Documents/Domination/support/db/migrate/cpl/20180720144010_create_support_cpl_participants.rb:3
  [1m[36mActiveRecord::SchemaMigration Create (0.3ms)[0m  [1m[32mINSERT INTO "schema_migrations" ("version") VALUES ($1) RETURNING "version"[0m  [["version", "20180720144010"]]
  ↳ /home/developer/Documents/Domination/support/lib/tasks/db.rake:20
  [1m[35m (15.7ms)[0m  [1m[35mCOMMIT[0m
  ↳ /home/developer/Documents/Domination/support/lib/tasks/db.rake:20
Migrating to CreateSupportCplConsultDocumentations (20180720144415)
  [1m[35m (0.2ms)[0m  [1m[35mBEGIN[0m
  ↳ /home/developer/Documents/Domination/support/lib/tasks/db.rake:20
  [1m[35m (39.9ms)[0m  [1m[35mCREATE TABLE "extranet"."cpl_consult_documentations" ("id" bigserial primary key, "document_participant_id" integer, "notice_participant_id" integer, "created_at" timestamp NOT NULL, "updated_at" timestamp NOT NULL, "deleted" boolean DEFAULT FALSE, "deleted_at" timestamp DEFAULT NULL)[0m
  ↳ /home/developer/Documents/Domination/support/db/migrate/cpl/20180720144415_create_support_cpl_consult_documentations.rb:3
  [1m[36mActiveRecord::SchemaMigration Create (0.3ms)[0m  [1m[32mINSERT INTO "schema_migrations" ("version") VALUES ($1) RETURNING "version"[0m  [["version", "20180720144415"]]
  ↳ /home/developer/Documents/Domination/support/lib/tasks/db.rake:20
  [1m[35m (15.6ms)[0m  [1m[35mCOMMIT[0m
  ↳ /home/developer/Documents/Domination/support/lib/tasks/db.rake:20
Migrating to CreateSupportCplParticipantLogs (20180720144608)
  [1m[35m (0.2ms)[0m  [1m[35mBEGIN[0m
  ↳ /home/developer/Documents/Domination/support/lib/tasks/db.rake:20
  [1m[35m (90.7ms)[0m  [1m[35mCREATE TABLE "extranet"."cpl_participant_logs" ("id" bigserial primary key, "name" character varying, "description" text, "participant_id" integer, "created_at" timestamp NOT NULL, "updated_at" timestamp NOT NULL, "deleted" boolean DEFAULT FALSE, "deleted_at" timestamp DEFAULT NULL)[0m
  ↳ /home/developer/Documents/Domination/support/db/migrate/cpl/20180720144608_create_support_cpl_participant_logs.rb:3
  [1m[36mActiveRecord::SchemaMigration Create (0.3ms)[0m  [1m[32mINSERT INTO "schema_migrations" ("version") VALUES ($1) RETURNING "version"[0m  [["version", "20180720144608"]]
  ↳ /home/developer/Documents/Domination/support/lib/tasks/db.rake:20
  [1m[35m (14.9ms)[0m  [1m[35mCOMMIT[0m
  ↳ /home/developer/Documents/Domination/support/lib/tasks/db.rake:20
Migrating to EnablePgcryptoExtension (20180720193358)
  [1m[35m (0.2ms)[0m  [1m[35mBEGIN[0m
  ↳ /home/developer/Documents/Domination/support/lib/tasks/db.rake:20
  [1m[35mSQL (0.1ms)[0m  [1m[35mCREATE EXTENSION IF NOT EXISTS "uuid-ossp"[0m
  ↳ /home/developer/Documents/Domination/support/db/migrate/20180720193358_enable_pgcrypto_extension.rb:3
  [1m[36mActiveRecord::SchemaMigration Create (0.2ms)[0m  [1m[32mINSERT INTO "schema_migrations" ("version") VALUES ($1) RETURNING "version"[0m  [["version", "20180720193358"]]
  ↳ /home/developer/Documents/Domination/support/lib/tasks/db.rake:20
  [1m[35m (3.7ms)[0m  [1m[35mCOMMIT[0m
  ↳ /home/developer/Documents/Domination/support/lib/tasks/db.rake:20
  [1m[36mActiveRecord::InternalMetadata Load (0.7ms)[0m  [1m[34mSELECT  "ar_internal_metadata".* FROM "ar_internal_metadata" WHERE "ar_internal_metadata"."key" = $1 LIMIT $2[0m  [["key", "environment"], ["LIMIT", 1]]
  ↳ /home/developer/Documents/Domination/support/lib/tasks/db.rake:20
  [1m[35m (0.2ms)[0m  [1m[35mBEGIN[0m
  ↳ /home/developer/Documents/Domination/support/lib/tasks/db.rake:20
  [1m[36mActiveRecord::InternalMetadata Create (0.3ms)[0m  [1m[32mINSERT INTO "ar_internal_metadata" ("key", "value", "created_at", "updated_at") VALUES ($1, $2, $3, $4) RETURNING "key"[0m  [["key", "environment"], ["value", "development"], ["created_at", "2018-07-20 19:35:32.965102"], ["updated_at", "2018-07-20 19:35:32.965102"]]
  ↳ /home/developer/Documents/Domination/support/lib/tasks/db.rake:20
  [1m[35m (7.5ms)[0m  [1m[35mCOMMIT[0m
  ↳ /home/developer/Documents/Domination/support/lib/tasks/db.rake:20
  [1m[35m (0.3ms)[0m  [1m[34mSELECT pg_advisory_unlock(1281919194950275245)[0m
  ↳ /home/developer/Documents/Domination/support/lib/tasks/db.rake:20
  [1m[35m (0.3ms)[0m  [1m[34mSELECT "schema_migrations"."version" FROM "schema_migrations" ORDER BY "schema_migrations"."version" ASC[0m
  ↳ /home/developer/Documents/Domination/support/lib/tasks/db.rake:20
  [1m[36mActiveRecord::InternalMetadata Load (0.3ms)[0m  [1m[34mSELECT  "ar_internal_metadata".* FROM "ar_internal_metadata" WHERE "ar_internal_metadata"."key" = $1 LIMIT $2[0m  [["key", "environment"], ["LIMIT", 1]]
  ↳ bin/rails:9
  [1m[35m (0.2ms)[0m  [1m[35mBEGIN[0m
  ↳ bin/rails:9
  [1m[35m (0.2ms)[0m  [1m[35mCOMMIT[0m
  ↳ bin/rails:9
